<?xml version="1.0" encoding="UTF-8"?>
<!-- Generated by org.testng.reporters.JUnitReportReporter -->
<testsuite hostname="LAPTOP-F8RQ9UA5" failures="0" tests="1" name="GetWeather" time="7.963" errors="0" timestamp="2021-09-23T16:31:09 BST" skipped="0">
  <testcase classname="GetWeather" name="getRequest" time="7.963"/>
  <system-out/>
</testsuite> <!-- GetWeather -->
