<?xml version="1.0" encoding="UTF-8"?>
<!-- Generated by org.testng.reporters.JUnitReportReporter -->
<testsuite hostname="LAPTOP-F8RQ9UA5" failures="0" tests="1" name="TestOnLFreeJSON" time="1.219" errors="0" timestamp="2022-02-05T11:44:09 GMT" skipped="0">
  <testcase classname="TestOnLFreeJSON" name="delete" time="1.219"/>
  <system-out/>
</testsuite> <!-- TestOnLFreeJSON -->
