<?xml version="1.0" encoding="UTF-8"?>
<!-- Generated by org.testng.reporters.JUnitReportReporter -->
<testsuite hostname="LAPTOP-F8RQ9UA5" failures="0" tests="1" name="Test01_GET" time="1.685" errors="0" timestamp="2021-09-20T23:28:30 BST" skipped="0">
  <testcase classname="Test01_GET" name="test_01" time="1.685"/>
  <system-out/>
</testsuite> <!-- Test01_GET -->
